<?xml version="1.0" encoding="UTF-8"?>
<!-- Generated by org.testng.reporters.JUnitReportReporter -->
<testsuite hostname="E13407S1L" name="com.crm.qa.testcases.LoginPageTest" tests="1" failures="0" timestamp="22 Mar 2019 00:50:09 GMT" time="9.764" errors="0">
  <testcase name="login" time="9.764" classname="com.crm.qa.testcases.LoginPageTest"/>
</testsuite> <!-- com.crm.qa.testcases.LoginPageTest -->
